<?xml version="1.0" encoding="UTF-8"?>
<robot generator="Robot 7.3.2 (Python 3.13.7 on win32)" generated="2025-10-23T14:21:19.433152" rpa="false" schemaversion="5">
<suite id="s1" name="Ass2" source="C:\Users\dana_\Documents\MastersDegree\1stSemester\SoftwareTesting\ass2">
<suite id="s1-s1" name="testCases" source="C:\Users\dana_\Documents\MastersDegree\1stSemester\SoftwareTesting\ass2\testCases">
<suite id="s1-s1-s1" name="Test" source="C:\Users\dana_\Documents\MastersDegree\1stSemester\SoftwareTesting\ass2\testCases\test.robot">
<test id="s1-s1-s1-t1" name="LOGIN_TEST" line="11">
<kw name="Log in" owner="resources">
<kw name="Open Browser" owner="SeleniumLibrary">
<msg time="2025-10-23T14:21:19.807898" level="INFO">Opening browser 'Chrome' to base url 'https://www.demoblaze.com/'.</msg>
<arg>${baseUrl}</arg>
<arg>Chrome</arg>
<doc>Opens a new browser instance to the optional ``url``.</doc>
<status status="PASS" start="2025-10-23T14:21:19.807579" elapsed="3.768537"/>
</kw>
<kw name="Wait Until Page Contains Element" owner="SeleniumLibrary">
<arg>${logInButton}</arg>
<arg>timeout=80</arg>
<arg>error=logInButtonNotFound</arg>
<doc>Waits until the element ``locator`` appears on the current page.</doc>
<status status="PASS" start="2025-10-23T14:21:23.576477" elapsed="0.015814"/>
</kw>
<kw name="Sleep" owner="BuiltIn">
<msg time="2025-10-23T14:21:24.592836" level="INFO">Slept 1 second.</msg>
<arg>1s</arg>
<doc>Pauses the test executed for the given time.</doc>
<status status="PASS" start="2025-10-23T14:21:23.592503" elapsed="1.000450"/>
</kw>
<kw name="Click Element" owner="SeleniumLibrary">
<msg time="2025-10-23T14:21:24.593367" level="INFO">Clicking element '//*[@id="login2"]'.</msg>
<arg>${logInButton}</arg>
<doc>Click the element identified by ``locator``.</doc>
<status status="PASS" start="2025-10-23T14:21:24.593126" elapsed="0.062118"/>
</kw>
<kw name="Wait Until Page Contains Element" owner="SeleniumLibrary">
<arg>${loginUsernameField}</arg>
<arg>timeout=80</arg>
<arg>error=logInButtonNotFound</arg>
<doc>Waits until the element ``locator`` appears on the current page.</doc>
<status status="PASS" start="2025-10-23T14:21:24.655459" elapsed="0.009149"/>
</kw>
<kw name="Sleep" owner="BuiltIn">
<msg time="2025-10-23T14:21:25.665542" level="INFO">Slept 1 second.</msg>
<arg>1s</arg>
<doc>Pauses the test executed for the given time.</doc>
<status status="PASS" start="2025-10-23T14:21:24.664781" elapsed="1.001056"/>
</kw>
<kw name="Input Text" owner="SeleniumLibrary">
<msg time="2025-10-23T14:21:25.666950" level="INFO">Typing text 'danaTest1' into text field '//*[@id="loginusername"]'.</msg>
<arg>${loginUsernameField}</arg>
<arg>${login}</arg>
<doc>Types the given ``text`` into the text field identified by ``locator``.</doc>
<status status="PASS" start="2025-10-23T14:21:25.666252" elapsed="0.198853"/>
</kw>
<kw name="Input Password" owner="SeleniumLibrary">
<msg time="2025-10-23T14:21:25.865824" level="INFO">Typing password into text field '//*[@id="loginpassword"]'.</msg>
<msg time="2025-10-23T14:21:25.904027" level="INFO">Temporally setting log level to: NONE</msg>
<arg>${loginPasswordField}</arg>
<arg>${password}</arg>
<doc>Types the given password into the text field identified by ``locator``.</doc>
<status status="PASS" start="2025-10-23T14:21:25.865379" elapsed="0.090996"/>
</kw>
<kw name="Sleep" owner="BuiltIn">
<msg time="2025-10-23T14:21:26.956831" level="INFO">Slept 1 second.</msg>
<arg>1s</arg>
<doc>Pauses the test executed for the given time.</doc>
<status status="PASS" start="2025-10-23T14:21:25.956554" elapsed="1.000394"/>
</kw>
<kw name="Click Element" owner="SeleniumLibrary">
<msg time="2025-10-23T14:21:26.957392" level="INFO">Clicking element '//*[@id="logInModal"]/div/div/div[3]/button[2]'.</msg>
<arg>${logInFormButton}</arg>
<doc>Click the element identified by ``locator``.</doc>
<status status="PASS" start="2025-10-23T14:21:26.957135" elapsed="0.065937"/>
</kw>
<kw name="Sleep" owner="BuiltIn">
<msg time="2025-10-23T14:21:29.023870" level="INFO">Slept 2 seconds.</msg>
<arg>2s</arg>
<doc>Pauses the test executed for the given time.</doc>
<status status="PASS" start="2025-10-23T14:21:27.023250" elapsed="2.000971"/>
</kw>
<status status="PASS" start="2025-10-23T14:21:19.806711" elapsed="9.217916"/>
</kw>
<kw name="Buy product" owner="resources">
<kw name="Open Browser" owner="SeleniumLibrary">
<msg time="2025-10-23T14:21:29.028015" level="INFO">Opening browser 'Chrome' to base url 'https://www.demoblaze.com/'.</msg>
<arg>${baseUrl}</arg>
<arg>Chrome</arg>
<doc>Opens a new browser instance to the optional ``url``.</doc>
<status status="PASS" start="2025-10-23T14:21:29.027232" elapsed="3.490114"/>
</kw>
<kw name="Wait Until Page Contains Element" owner="SeleniumLibrary">
<arg>${categories}</arg>
<arg>timeout=80</arg>
<arg>error=categoriesButtonNotFound</arg>
<doc>Waits until the element ``locator`` appears on the current page.</doc>
<status status="PASS" start="2025-10-23T14:21:32.517781" elapsed="0.029715"/>
</kw>
<kw name="Sleep 1s">
<msg time="2025-10-23T14:21:32.549702" level="FAIL">No keyword with name 'Sleep 1s' found. Did you mean:
    BuiltIn.Sleep</msg>
<status status="FAIL" start="2025-10-23T14:21:32.549605" elapsed="0.000185">No keyword with name 'Sleep 1s' found. Did you mean:
    BuiltIn.Sleep</status>
</kw>
<kw name="click element ${categoties}">
<status status="NOT RUN" start="2025-10-23T14:21:32.550454" elapsed="0.000084"/>
</kw>
<kw name="Wait Until Page Contains Element" owner="SeleniumLibrary">
<arg>${item}</arg>
<arg>timeout=80</arg>
<arg>error=itemButtonNotFound</arg>
<doc>Waits until the element ``locator`` appears on the current page.</doc>
<status status="NOT RUN" start="2025-10-23T14:21:32.550793" elapsed="0.000141"/>
</kw>
<kw name="Sleep 1s">
<status status="NOT RUN" start="2025-10-23T14:21:32.551225" elapsed="0.000075"/>
</kw>
<kw name="click element ${item}">
<status status="NOT RUN" start="2025-10-23T14:21:32.551585" elapsed="0.000060"/>
</kw>
<kw name="Sleep 5s">
<status status="NOT RUN" start="2025-10-23T14:21:32.551869" elapsed="0.000058"/>
</kw>
<status status="FAIL" start="2025-10-23T14:21:29.025990" elapsed="3.526201">No keyword with name 'Sleep 1s' found. Did you mean:
    BuiltIn.Sleep</status>
</kw>
<status status="FAIL" start="2025-10-23T14:21:19.805687" elapsed="12.747141">No keyword with name 'Sleep 1s' found. Did you mean:
    BuiltIn.Sleep</status>
</test>
<kw name="Close Browser" owner="resources" type="TEARDOWN">
<kw name="Close All Browsers" owner="SeleniumLibrary">
<doc>Closes all open browsers and resets the browser cache.</doc>
<status status="PASS" start="2025-10-23T14:21:32.554604" elapsed="4.512820"/>
</kw>
<status status="PASS" start="2025-10-23T14:21:32.554318" elapsed="4.513491"/>
</kw>
<status status="FAIL" start="2025-10-23T14:21:19.473356" elapsed="17.594635"/>
</suite>
<status status="FAIL" start="2025-10-23T14:21:19.471753" elapsed="17.600132"/>
</suite>
<status status="FAIL" start="2025-10-23T14:21:19.435042" elapsed="17.639708"/>
</suite>
<statistics>
<total>
<stat pass="0" fail="1" skip="0">All Tests</stat>
</total>
<tag>
</tag>
<suite>
<stat name="Ass2" id="s1" pass="0" fail="1" skip="0">Ass2</stat>
<stat name="testCases" id="s1-s1" pass="0" fail="1" skip="0">Ass2.testCases</stat>
<stat name="Test" id="s1-s1-s1" pass="0" fail="1" skip="0">Ass2.testCases.Test</stat>
</suite>
</statistics>
<errors>
</errors>
</robot>
