<?xml version="1.0" encoding="UTF-8"?>
<robot generator="Robot 7.3.2 (Python 3.13.7 on win32)" generated="2025-10-24T03:12:13.893910" rpa="false" schemaversion="5">
<suite id="s1" name="Test" source="C:\Users\dana_\Documents\MastersDegree\1stSemester\SoftwareTesting\ass2\testCases\Test.robot">
<test id="s1-t1" name="LOGIN_TEST" line="11">
<kw name="Sign up" owner="resources">
<kw name="Open Browser" owner="SeleniumLibrary">
<msg time="2025-10-24T03:12:14.222086" level="INFO">Opening browser 'Chrome' to base url 'https://www.demoblaze.com/'.</msg>
<arg>${baseUrl}</arg>
<arg>Chrome</arg>
<doc>Opens a new browser instance to the optional ``url``.</doc>
<status status="PASS" start="2025-10-24T03:12:14.221821" elapsed="2.695110"/>
</kw>
<kw name="Wait Until Page Contains Element" owner="SeleniumLibrary">
<arg>${signUpButton}</arg>
<arg>timeout=80</arg>
<arg>error=logInButtonNotFound</arg>
<doc>Waits until the element ``locator`` appears on the current page.</doc>
<status status="PASS" start="2025-10-24T03:12:16.917204" elapsed="0.014349"/>
</kw>
<kw name="Sleep" owner="BuiltIn">
<msg time="2025-10-24T03:12:17.932508" level="INFO">Slept 1 second.</msg>
<arg>1s</arg>
<doc>Pauses the test executed for the given time.</doc>
<status status="PASS" start="2025-10-24T03:12:16.931747" elapsed="1.000882"/>
</kw>
<kw name="Click Element" owner="SeleniumLibrary">
<msg time="2025-10-24T03:12:17.933037" level="INFO">Clicking element '//*[@id="signin2"]'.</msg>
<arg>${signUpButton}</arg>
<doc>Click the element identified by ``locator``.</doc>
<status status="PASS" start="2025-10-24T03:12:17.932799" elapsed="0.065797"/>
</kw>
<kw name="Wait Until Page Contains Element" owner="SeleniumLibrary">
<arg>${signUpUsername}</arg>
<arg>timeout=80</arg>
<arg>error=logInButtonNotFound</arg>
<doc>Waits until the element ``locator`` appears on the current page.</doc>
<status status="PASS" start="2025-10-24T03:12:17.998767" elapsed="0.009989"/>
</kw>
<kw name="Sleep" owner="BuiltIn">
<msg time="2025-10-24T03:12:19.009637" level="INFO">Slept 1 second.</msg>
<arg>1s</arg>
<doc>Pauses the test executed for the given time.</doc>
<status status="PASS" start="2025-10-24T03:12:18.008956" elapsed="1.001034"/>
</kw>
<kw name="Input Text" owner="SeleniumLibrary">
<msg time="2025-10-24T03:12:19.011460" level="INFO">Typing text 'danaTest1' into text field '//*[@id="sign-username"]'.</msg>
<arg>${signUpUsername}</arg>
<arg>${login}</arg>
<doc>Types the given ``text`` into the text field identified by ``locator``.</doc>
<status status="PASS" start="2025-10-24T03:12:19.010557" elapsed="0.363562"/>
</kw>
<kw name="Sleep" owner="BuiltIn">
<msg time="2025-10-24T03:12:21.374932" level="INFO">Slept 2 seconds.</msg>
<arg>2s</arg>
<doc>Pauses the test executed for the given time.</doc>
<status status="PASS" start="2025-10-24T03:12:19.374327" elapsed="2.000917"/>
</kw>
<kw name="Input Password" owner="SeleniumLibrary">
<msg time="2025-10-24T03:12:21.376777" level="INFO">Typing password into text field '//*[@id="sign-password"]'.</msg>
<msg time="2025-10-24T03:12:21.488496" level="INFO">Temporally setting log level to: NONE</msg>
<arg>${signUpPassword}</arg>
<arg>${password}</arg>
<doc>Types the given password into the text field identified by ``locator``.</doc>
<status status="PASS" start="2025-10-24T03:12:21.375754" elapsed="0.273696"/>
</kw>
<kw name="Sleep" owner="BuiltIn">
<msg time="2025-10-24T03:12:23.650990" level="INFO">Slept 2 seconds.</msg>
<arg>2s</arg>
<doc>Pauses the test executed for the given time.</doc>
<status status="PASS" start="2025-10-24T03:12:21.650005" elapsed="2.001327"/>
</kw>
<kw name="Click Element" owner="SeleniumLibrary">
<msg time="2025-10-24T03:12:23.652756" level="INFO">Clicking element '//*[@id="signInModal"]/div/div/div[3]/button[2]'.</msg>
<arg>${signUpFormButton}</arg>
<doc>Click the element identified by ``locator``.</doc>
<status status="PASS" start="2025-10-24T03:12:23.651941" elapsed="0.174479"/>
</kw>
<kw name="Sleep" owner="BuiltIn">
<msg time="2025-10-24T03:12:26.827837" level="INFO">Slept 3 seconds.</msg>
<arg>3s</arg>
<doc>Pauses the test executed for the given time.</doc>
<status status="PASS" start="2025-10-24T03:12:23.826832" elapsed="3.001148"/>
</kw>
<status status="PASS" start="2025-10-24T03:12:14.221087" elapsed="12.607055"/>
</kw>
<kw name="Log in" owner="resources">
<kw name="Open Browser" owner="SeleniumLibrary">
<msg time="2025-10-24T03:12:26.829339" level="INFO">Opening browser 'Chrome' to base url 'https://www.demoblaze.com/'.</msg>
<arg>${baseUrl}</arg>
<arg>Chrome</arg>
<doc>Opens a new browser instance to the optional ``url``.</doc>
<status status="PASS" start="2025-10-24T03:12:26.829055" elapsed="2.635573"/>
</kw>
<kw name="Wait Until Page Contains Element" owner="SeleniumLibrary">
<arg>${logInButton}</arg>
<arg>timeout=80</arg>
<arg>error=logInButtonNotFound</arg>
<doc>Waits until the element ``locator`` appears on the current page.</doc>
<status status="PASS" start="2025-10-24T03:12:29.464813" elapsed="0.013500"/>
</kw>
<kw name="Sleep" owner="BuiltIn">
<msg time="2025-10-24T03:12:30.478973" level="INFO">Slept 1 second.</msg>
<arg>1s</arg>
<doc>Pauses the test executed for the given time.</doc>
<status status="PASS" start="2025-10-24T03:12:29.478497" elapsed="1.000696"/>
</kw>
<kw name="Click Element" owner="SeleniumLibrary">
<msg time="2025-10-24T03:12:30.479944" level="INFO">Clicking element '//*[@id="login2"]'.</msg>
<arg>${logInButton}</arg>
<doc>Click the element identified by ``locator``.</doc>
<status status="PASS" start="2025-10-24T03:12:30.479499" elapsed="0.092057"/>
</kw>
<kw name="Wait Until Page Contains Element" owner="SeleniumLibrary">
<arg>${loginUsernameField}</arg>
<arg>timeout=80</arg>
<arg>error=logInButtonNotFound</arg>
<doc>Waits until the element ``locator`` appears on the current page.</doc>
<status status="PASS" start="2025-10-24T03:12:30.571746" elapsed="0.011984"/>
</kw>
<kw name="Sleep" owner="BuiltIn">
<msg time="2025-10-24T03:12:31.584708" level="INFO">Slept 1 second.</msg>
<arg>1s</arg>
<doc>Pauses the test executed for the given time.</doc>
<status status="PASS" start="2025-10-24T03:12:30.584009" elapsed="1.001068"/>
</kw>
<kw name="Input Text" owner="SeleniumLibrary">
<msg time="2025-10-24T03:12:31.586661" level="INFO">Typing text 'danaTest1' into text field '//*[@id="loginusername"]'.</msg>
<arg>${loginUsernameField}</arg>
<arg>${login}</arg>
<doc>Types the given ``text`` into the text field identified by ``locator``.</doc>
<status status="PASS" start="2025-10-24T03:12:31.585697" elapsed="0.379518"/>
</kw>
<kw name="Input Password" owner="SeleniumLibrary">
<msg time="2025-10-24T03:12:31.965688" level="INFO">Typing password into text field '//*[@id="loginpassword"]'.</msg>
<msg time="2025-10-24T03:12:31.999138" level="INFO">Temporally setting log level to: NONE</msg>
<arg>${loginPasswordField}</arg>
<arg>${password}</arg>
<doc>Types the given password into the text field identified by ``locator``.</doc>
<status status="PASS" start="2025-10-24T03:12:31.965413" elapsed="0.072795"/>
</kw>
<kw name="Sleep" owner="BuiltIn">
<msg time="2025-10-24T03:12:33.039086" level="INFO">Slept 1 second.</msg>
<arg>1s</arg>
<doc>Pauses the test executed for the given time.</doc>
<status status="PASS" start="2025-10-24T03:12:32.038389" elapsed="1.001035"/>
</kw>
<kw name="Click Element" owner="SeleniumLibrary">
<msg time="2025-10-24T03:12:33.040801" level="INFO">Clicking element '//*[@id="logInModal"]/div/div/div[3]/button[2]'.</msg>
<arg>${logInFormButton}</arg>
<doc>Click the element identified by ``locator``.</doc>
<status status="PASS" start="2025-10-24T03:12:33.040009" elapsed="0.090324"/>
</kw>
<kw name="Sleep" owner="BuiltIn">
<msg time="2025-10-24T03:12:35.131302" level="INFO">Slept 2 seconds.</msg>
<arg>2s</arg>
<doc>Pauses the test executed for the given time.</doc>
<status status="PASS" start="2025-10-24T03:12:33.130528" elapsed="2.001061"/>
</kw>
<status status="PASS" start="2025-10-24T03:12:26.828607" elapsed="8.303411"/>
</kw>
<kw name="Log out" owner="resources">
<kw name="Wait Until Page Contains Element" owner="SeleniumLibrary">
<arg>${logOutButton}</arg>
<arg>timeout=80</arg>
<arg>error=logOutButtonNotFound</arg>
<doc>Waits until the element ``locator`` appears on the current page.</doc>
<status status="PASS" start="2025-10-24T03:12:35.134678" elapsed="0.036996"/>
</kw>
<kw name="Sleep" owner="BuiltIn">
<msg time="2025-10-24T03:12:36.172775" level="INFO">Slept 1 second.</msg>
<arg>1s</arg>
<doc>Pauses the test executed for the given time.</doc>
<status status="PASS" start="2025-10-24T03:12:35.171863" elapsed="1.001237"/>
</kw>
<kw name="Click Element" owner="SeleniumLibrary">
<msg time="2025-10-24T03:12:36.174446" level="INFO">Clicking element '//*[@id="logout2"]'.</msg>
<arg>${logOutButton}</arg>
<doc>Click the element identified by ``locator``.</doc>
<status status="PASS" start="2025-10-24T03:12:36.173703" elapsed="0.623381"/>
</kw>
<kw name="Wait Until Page Contains Element" owner="SeleniumLibrary">
<arg>${logInButton}</arg>
<arg>timeout=80</arg>
<arg>error=logOutButtonNotFound</arg>
<doc>Waits until the element ``locator`` appears on the current page.</doc>
<status status="PASS" start="2025-10-24T03:12:36.797532" elapsed="0.029027"/>
</kw>
<kw name="Sleep" owner="BuiltIn">
<msg time="2025-10-24T03:12:38.827542" level="INFO">Slept 2 seconds.</msg>
<arg>2s</arg>
<doc>Pauses the test executed for the given time.</doc>
<status status="PASS" start="2025-10-24T03:12:36.826780" elapsed="2.001129"/>
</kw>
<status status="PASS" start="2025-10-24T03:12:35.133183" elapsed="3.695069"/>
</kw>
<status status="PASS" start="2025-10-24T03:12:14.220281" elapsed="24.608872"/>
</test>
<test id="s1-t2" name="BUY PRODUCT TEST" line="16">
<kw name="Log in" owner="resources">
<kw name="Open Browser" owner="SeleniumLibrary">
<msg time="2025-10-24T03:12:38.834999" level="INFO">Opening browser 'Chrome' to base url 'https://www.demoblaze.com/'.</msg>
<arg>${baseUrl}</arg>
<arg>Chrome</arg>
<doc>Opens a new browser instance to the optional ``url``.</doc>
<status status="PASS" start="2025-10-24T03:12:38.834333" elapsed="2.749851"/>
</kw>
<kw name="Wait Until Page Contains Element" owner="SeleniumLibrary">
<arg>${logInButton}</arg>
<arg>timeout=80</arg>
<arg>error=logInButtonNotFound</arg>
<doc>Waits until the element ``locator`` appears on the current page.</doc>
<status status="PASS" start="2025-10-24T03:12:41.584361" elapsed="0.013766"/>
</kw>
<kw name="Sleep" owner="BuiltIn">
<msg time="2025-10-24T03:12:42.599095" level="INFO">Slept 1 second.</msg>
<arg>1s</arg>
<doc>Pauses the test executed for the given time.</doc>
<status status="PASS" start="2025-10-24T03:12:41.598314" elapsed="1.000895"/>
</kw>
<kw name="Click Element" owner="SeleniumLibrary">
<msg time="2025-10-24T03:12:42.599616" level="INFO">Clicking element '//*[@id="login2"]'.</msg>
<arg>${logInButton}</arg>
<doc>Click the element identified by ``locator``.</doc>
<status status="PASS" start="2025-10-24T03:12:42.599381" elapsed="0.075830"/>
</kw>
<kw name="Wait Until Page Contains Element" owner="SeleniumLibrary">
<arg>${loginUsernameField}</arg>
<arg>timeout=80</arg>
<arg>error=logInButtonNotFound</arg>
<doc>Waits until the element ``locator`` appears on the current page.</doc>
<status status="PASS" start="2025-10-24T03:12:42.675424" elapsed="0.014153"/>
</kw>
<kw name="Sleep" owner="BuiltIn">
<msg time="2025-10-24T03:12:43.690285" level="INFO">Slept 1 second.</msg>
<arg>1s</arg>
<doc>Pauses the test executed for the given time.</doc>
<status status="PASS" start="2025-10-24T03:12:42.689769" elapsed="1.000822"/>
</kw>
<kw name="Input Text" owner="SeleniumLibrary">
<msg time="2025-10-24T03:12:43.691952" level="INFO">Typing text 'danaTest1' into text field '//*[@id="loginusername"]'.</msg>
<arg>${loginUsernameField}</arg>
<arg>${login}</arg>
<doc>Types the given ``text`` into the text field identified by ``locator``.</doc>
<status status="PASS" start="2025-10-24T03:12:43.691089" elapsed="0.229912"/>
</kw>
<kw name="Input Password" owner="SeleniumLibrary">
<msg time="2025-10-24T03:12:43.921450" level="INFO">Typing password into text field '//*[@id="loginpassword"]'.</msg>
<msg time="2025-10-24T03:12:43.958935" level="INFO">Temporally setting log level to: NONE</msg>
<arg>${loginPasswordField}</arg>
<arg>${password}</arg>
<doc>Types the given password into the text field identified by ``locator``.</doc>
<status status="PASS" start="2025-10-24T03:12:43.921177" elapsed="0.083888"/>
</kw>
<kw name="Sleep" owner="BuiltIn">
<msg time="2025-10-24T03:12:45.006160" level="INFO">Slept 1 second.</msg>
<arg>1s</arg>
<doc>Pauses the test executed for the given time.</doc>
<status status="PASS" start="2025-10-24T03:12:44.005318" elapsed="1.000944"/>
</kw>
<kw name="Click Element" owner="SeleniumLibrary">
<msg time="2025-10-24T03:12:45.006659" level="INFO">Clicking element '//*[@id="logInModal"]/div/div/div[3]/button[2]'.</msg>
<arg>${logInFormButton}</arg>
<doc>Click the element identified by ``locator``.</doc>
<status status="PASS" start="2025-10-24T03:12:45.006432" elapsed="0.056615"/>
</kw>
<kw name="Sleep" owner="BuiltIn">
<msg time="2025-10-24T03:12:47.064095" level="INFO">Slept 2 seconds.</msg>
<arg>2s</arg>
<doc>Pauses the test executed for the given time.</doc>
<status status="PASS" start="2025-10-24T03:12:45.063352" elapsed="2.000928"/>
</kw>
<status status="PASS" start="2025-10-24T03:12:38.833279" elapsed="8.231178"/>
</kw>
<kw name="Add product to cart" owner="resources">
<kw name="Wait Until Page Contains Element" owner="SeleniumLibrary">
<arg>${categories}</arg>
<arg>timeout=80</arg>
<doc>Waits until the element ``locator`` appears on the current page.</doc>
<status status="PASS" start="2025-10-24T03:12:47.065510" elapsed="0.018169"/>
</kw>
<kw name="Click Element" owner="SeleniumLibrary">
<msg time="2025-10-24T03:12:47.084410" level="INFO">Clicking element '//*[@id="cat"]'.</msg>
<arg>${categories}</arg>
<doc>Click the element identified by ``locator``.</doc>
<status status="PASS" start="2025-10-24T03:12:47.084016" elapsed="0.109279"/>
</kw>
<kw name="Sleep" owner="BuiltIn">
<msg time="2025-10-24T03:12:49.194558" level="INFO">Slept 2 seconds.</msg>
<arg>2s</arg>
<doc>Pauses the test executed for the given time.</doc>
<status status="PASS" start="2025-10-24T03:12:47.193648" elapsed="2.001226"/>
</kw>
<kw name="Click Element" owner="SeleniumLibrary">
<msg time="2025-10-24T03:12:49.196183" level="INFO">Clicking element 'xpath=//a[@id="itemc" and contains(text(), "Phones")]'.</msg>
<arg>${phonesButton}</arg>
<doc>Click the element identified by ``locator``.</doc>
<status status="PASS" start="2025-10-24T03:12:49.195410" elapsed="0.110740"/>
</kw>
<kw name="Sleep" owner="BuiltIn">
<msg time="2025-10-24T03:12:51.306932" level="INFO">Slept 2 seconds.</msg>
<arg>2s</arg>
<doc>Pauses the test executed for the given time.</doc>
<status status="PASS" start="2025-10-24T03:12:49.306340" elapsed="2.000707"/>
</kw>
<kw name="Click Element" owner="SeleniumLibrary">
<msg time="2025-10-24T03:12:51.307466" level="INFO">Clicking element 'xpath=(//a[contains(@href, "prod.html")])[1]'.</msg>
<arg>${itemToBuy}</arg>
<doc>Click the element identified by ``locator``.</doc>
<status status="PASS" start="2025-10-24T03:12:51.307226" elapsed="0.602485"/>
</kw>
<kw name="Sleep" owner="BuiltIn">
<msg time="2025-10-24T03:12:53.910753" level="INFO">Slept 2 seconds.</msg>
<arg>2s</arg>
<doc>Pauses the test executed for the given time.</doc>
<status status="PASS" start="2025-10-24T03:12:51.909890" elapsed="2.001224"/>
</kw>
<kw name="Click Element" owner="SeleniumLibrary">
<msg time="2025-10-24T03:12:53.912452" level="INFO">Clicking element '//a[contains(text(), "Add to cart")]'.</msg>
<arg>${addToCart}</arg>
<doc>Click the element identified by ``locator``.</doc>
<status status="PASS" start="2025-10-24T03:12:53.911651" elapsed="0.128048"/>
</kw>
<status status="PASS" start="2025-10-24T03:12:47.065043" elapsed="6.974810"/>
</kw>
<kw name="Pay" owner="resources">
<kw name="Wait Until Element Is Visible" owner="SeleniumLibrary">
<arg>${cartButton}</arg>
<arg>timeout=80</arg>
<doc>Waits until the element ``locator`` is visible.</doc>
<status status="PASS" start="2025-10-24T03:12:54.040928" elapsed="0.026903"/>
</kw>
<kw name="Click Element" owner="SeleniumLibrary">
<msg time="2025-10-24T03:12:54.068415" level="INFO">Clicking element 'xpath=//a[contains(text(), "Cart")]'.</msg>
<arg>${cartButton}</arg>
<doc>Click the element identified by ``locator``.</doc>
<status status="PASS" start="2025-10-24T03:12:54.068159" elapsed="0.714970"/>
</kw>
<kw name="Wait Until Element Is Visible" owner="SeleniumLibrary">
<arg>${placeOrderButton}</arg>
<arg>timeout=80</arg>
<doc>Waits until the element ``locator`` is visible.</doc>
<status status="PASS" start="2025-10-24T03:12:54.783445" elapsed="0.070526"/>
</kw>
<kw name="Click Element" owner="SeleniumLibrary">
<msg time="2025-10-24T03:12:54.854387" level="INFO">Clicking element 'xpath=//button[contains(text(), "Place Order")]'.</msg>
<arg>${placeOrderButton}</arg>
<doc>Click the element identified by ``locator``.</doc>
<status status="PASS" start="2025-10-24T03:12:54.854153" elapsed="0.069292"/>
</kw>
<kw name="Sleep" owner="BuiltIn">
<msg time="2025-10-24T03:12:56.924165" level="INFO">Slept 2 seconds.</msg>
<arg>2s</arg>
<doc>Pauses the test executed for the given time.</doc>
<status status="PASS" start="2025-10-24T03:12:54.923612" elapsed="2.000872"/>
</kw>
<kw name="Wait Until Element Is Visible" owner="SeleniumLibrary">
<arg>${fullNameField}</arg>
<arg>timeout=80</arg>
<doc>Waits until the element ``locator`` is visible.</doc>
<status status="PASS" start="2025-10-24T03:12:56.925038" elapsed="0.062726"/>
</kw>
<kw name="Input Text" owner="SeleniumLibrary">
<msg time="2025-10-24T03:12:56.989138" level="INFO">Typing text 'Dana' into text field '//*[@id="name"]'.</msg>
<arg>${fullNameField}</arg>
<arg>${name}</arg>
<doc>Types the given ``text`` into the text field identified by ``locator``.</doc>
<status status="PASS" start="2025-10-24T03:12:56.988302" elapsed="0.267230"/>
</kw>
<kw name="Input Text" owner="SeleniumLibrary">
<msg time="2025-10-24T03:12:57.256093" level="INFO">Typing text 'Kazakhstan' into text field '//*[@id="country"]'.</msg>
<arg>${countryField}</arg>
<arg>${country}</arg>
<doc>Types the given ``text`` into the text field identified by ``locator``.</doc>
<status status="PASS" start="2025-10-24T03:12:57.255766" elapsed="0.103510"/>
</kw>
<kw name="Input Text" owner="SeleniumLibrary">
<msg time="2025-10-24T03:12:57.359705" level="INFO">Typing text 'Almaty' into text field '//*[@id="city"]'.</msg>
<arg>${cityField}</arg>
<arg>${city}</arg>
<doc>Types the given ``text`` into the text field identified by ``locator``.</doc>
<status status="PASS" start="2025-10-24T03:12:57.359451" elapsed="0.070575"/>
</kw>
<kw name="Input Text" owner="SeleniumLibrary">
<msg time="2025-10-24T03:12:57.430456" level="INFO">Typing text '111111111111' into text field '//*[@id="card"]'.</msg>
<arg>${creditCardField}</arg>
<arg>${card}</arg>
<doc>Types the given ``text`` into the text field identified by ``locator``.</doc>
<status status="PASS" start="2025-10-24T03:12:57.430199" elapsed="0.074461"/>
</kw>
<kw name="Input Text" owner="SeleniumLibrary">
<msg time="2025-10-24T03:12:57.505089" level="INFO">Typing text '12' into text field '//*[@id="month"]'.</msg>
<arg>${monthField}</arg>
<arg>${month}</arg>
<doc>Types the given ``text`` into the text field identified by ``locator``.</doc>
<status status="PASS" start="2025-10-24T03:12:57.504827" elapsed="0.069093"/>
</kw>
<kw name="Input Text" owner="SeleniumLibrary">
<msg time="2025-10-24T03:12:57.574326" level="INFO">Typing text '9999' into text field '//*[@id="year"]'.</msg>
<arg>${yearField}</arg>
<arg>${year}</arg>
<doc>Types the given ``text`` into the text field identified by ``locator``.</doc>
<status status="PASS" start="2025-10-24T03:12:57.574088" elapsed="0.074898"/>
</kw>
<kw name="Wait Until Element Is Visible" owner="SeleniumLibrary">
<arg>${purchaseButton}</arg>
<arg>timeout=80</arg>
<doc>Waits until the element ``locator`` is visible.</doc>
<status status="PASS" start="2025-10-24T03:12:57.649160" elapsed="0.017207"/>
</kw>
<kw name="Click Element" owner="SeleniumLibrary">
<msg time="2025-10-24T03:12:57.666790" level="INFO">Clicking element 'xpath=//button[contains(text(), "Purchase")]'.</msg>
<arg>${purchaseButton}</arg>
<doc>Click the element identified by ``locator``.</doc>
<status status="PASS" start="2025-10-24T03:12:57.666553" elapsed="0.072885"/>
</kw>
<kw name="Wait Until Element Is Visible" owner="SeleniumLibrary">
<arg>${newPurchaseButton}</arg>
<arg>timeout=80</arg>
<doc>Waits until the element ``locator`` is visible.</doc>
<status status="PASS" start="2025-10-24T03:12:57.739603" elapsed="0.018806"/>
</kw>
<kw name="Sleep" owner="BuiltIn">
<msg time="2025-10-24T03:12:59.759447" level="INFO">Slept 2 seconds.</msg>
<arg>2s</arg>
<doc>Pauses the test executed for the given time.</doc>
<status status="PASS" start="2025-10-24T03:12:57.758588" elapsed="2.001280"/>
</kw>
<kw name="Click Element" owner="SeleniumLibrary">
<msg time="2025-10-24T03:12:59.761257" level="INFO">Clicking element 'css=.confirm.btn.btn-lg.btn-primary'.</msg>
<arg>${okButton}</arg>
<doc>Click the element identified by ``locator``.</doc>
<status status="PASS" start="2025-10-24T03:12:59.760420" elapsed="0.866837"/>
</kw>
<kw name="Sleep" owner="BuiltIn">
<msg time="2025-10-24T03:13:05.628083" level="INFO">Slept 5 seconds.</msg>
<arg>5s</arg>
<doc>Pauses the test executed for the given time.</doc>
<status status="PASS" start="2025-10-24T03:13:00.627455" elapsed="5.000937"/>
</kw>
<status status="PASS" start="2025-10-24T03:12:54.040419" elapsed="11.588305"/>
</kw>
<kw name="Log out" owner="resources">
<kw name="Wait Until Page Contains Element" owner="SeleniumLibrary">
<arg>${logOutButton}</arg>
<arg>timeout=80</arg>
<arg>error=logOutButtonNotFound</arg>
<doc>Waits until the element ``locator`` appears on the current page.</doc>
<status status="PASS" start="2025-10-24T03:13:05.630867" elapsed="0.062226"/>
</kw>
<kw name="Sleep" owner="BuiltIn">
<msg time="2025-10-24T03:13:06.695055" level="INFO">Slept 1 second.</msg>
<arg>1s</arg>
<doc>Pauses the test executed for the given time.</doc>
<status status="PASS" start="2025-10-24T03:13:05.693664" elapsed="1.001726"/>
</kw>
<kw name="Click Element" owner="SeleniumLibrary">
<msg time="2025-10-24T03:13:06.696926" level="INFO">Clicking element '//*[@id="logout2"]'.</msg>
<arg>${logOutButton}</arg>
<doc>Click the element identified by ``locator``.</doc>
<status status="PASS" start="2025-10-24T03:13:06.695997" elapsed="0.789882"/>
</kw>
<kw name="Wait Until Page Contains Element" owner="SeleniumLibrary">
<arg>${logInButton}</arg>
<arg>timeout=80</arg>
<arg>error=logOutButtonNotFound</arg>
<doc>Waits until the element ``locator`` appears on the current page.</doc>
<status status="PASS" start="2025-10-24T03:13:07.486515" elapsed="0.045165"/>
</kw>
<kw name="Sleep" owner="BuiltIn">
<msg time="2025-10-24T03:13:09.532609" level="INFO">Slept 2 seconds.</msg>
<arg>2s</arg>
<doc>Pauses the test executed for the given time.</doc>
<status status="PASS" start="2025-10-24T03:13:07.531981" elapsed="2.001009"/>
</kw>
<status status="PASS" start="2025-10-24T03:13:05.629948" elapsed="3.903414"/>
</kw>
<status status="PASS" start="2025-10-24T03:12:38.831371" elapsed="30.703037"/>
</test>
<kw name="Close Browser" owner="resources" type="TEARDOWN">
<kw name="Close All Browsers" owner="SeleniumLibrary">
<doc>Closes all open browsers and resets the browser cache.</doc>
<status status="PASS" start="2025-10-24T03:13:09.539053" elapsed="6.560360"/>
</kw>
<status status="PASS" start="2025-10-24T03:13:09.538280" elapsed="6.561346"/>
</kw>
<status status="PASS" start="2025-10-24T03:12:13.895528" elapsed="62.204188"/>
</suite>
<statistics>
<total>
<stat pass="2" fail="0" skip="0">All Tests</stat>
</total>
<tag>
</tag>
<suite>
<stat name="Test" id="s1" pass="2" fail="0" skip="0">Test</stat>
</suite>
</statistics>
<errors>
</errors>
</robot>
